Mémoire totale : 4,0 GiB
6 classes ont été trouvées
class awele.bot.demo.first.FirstBot
class awele.bot.demo.last.LastBot
class awele.bot.demo.minmax.MinMaxBot
class awele.bot.demo.knn2.Knn2Bot
class awele.bot.BotLeurLesFesses.NegamaxIDBot
class awele.bot.demo.knn1.Knn1Bot

Bot 1/6
Classe : awele.bot.demo.first.FirstBot
Nom du bot : First
Auteur(s) : Alexandre Blansché
Temps d'apprentissage : 00:00:00.000
Durée d'une prise de décision : 00:00:00.000
Usage mémoire : 0 B
Usage mémoire maximum : 359,7 KiB

Bot 2/6
Classe : awele.bot.demo.last.LastBot
Nom du bot : Last
Auteur(s) : Alexandre Blansché
Temps d'apprentissage : 00:00:00.000
Durée d'une prise de décision : 00:00:00.000
Usage mémoire : 352 B
Usage mémoire maximum : 330,5 KiB

Bot 3/6
Classe : awele.bot.demo.minmax.MinMaxBot
Nom du bot : MinMax & DIFF_SCORE & 9
Auteur(s) : Alexandre Blansché
Temps d'apprentissage : 00:00:00.000
Durée d'une prise de décision : 00:00:00.088
Usage mémoire : 21,0 KiB
Usage mémoire maximum : 175,1 MiB

Bot 4/6
Classe : awele.bot.demo.knn2.Knn2Bot
Nom du bot : k-NN2
Auteur(s) : Alexandre Blansché
Temps d'apprentissage : 00:00:00.012
Durée d'une prise de décision : 00:00:00.000
Usage mémoire : 26,9 KiB
Usage mémoire maximum : 1,6 MiB

Bot 5/6
Classe : awele.bot.BotLeurLesFesses.NegamaxIDBot
Nom du bot : Bot leur les fesses
Auteur(s) : Gaetan Korpys et Theo Rousseau
Temps d'apprentissage : 00:00:00.000
Durée d'une prise de décision : 00:00:00.186
Usage mémoire : 13,3 KiB
Usage mémoire maximum : 200,0 MiB

Bot 6/6
Classe : awele.bot.demo.knn1.Knn1Bot
Nom du bot : k-NN1
Auteur(s) : Alexandre Blansché
Temps d'apprentissage : 00:00:00.001
Durée d'une prise de décision : 00:00:00.000
Usage mémoire : 12,3 KiB
Usage mémoire maximum : 837,7 KiB

6 bots ont été instanciés
Durée du chargement : 00:00:09.341
Mémoire utilisée : 1,5 MiB

Que le championnat commence !

Affrontement 1/15
First vs. Last
Score : 0.0 - 3.0
Last a gagné
Nombre de coups joués : 291.5 par match
Durée : 00:00:00.000 par match
Mémoire utilisée : 1,5 MiB

Affrontement 2/15
First vs. MinMax & DIFF_SCORE & 9
