Mémoire totale : 4,0 GiB
2 classes ont été trouvées
class awele.bot.demo.minmax.MinMaxBot
class awele.bot.demo.minmax.MinMaxBot2

Bot 1/2
Classe : awele.bot.demo.minmax.MinMaxBot
Nom du bot : MinMax
Temps d'apprentissage : 00:00:00.000
Durée d'une prise de décision : 00:00:00.040
Usage mémoire : 0 B
Usage mémoire maximum : 121,0 MiB

Bot 2/2
Classe : awele.bot.demo.minmax.MinMaxBot2
Nom du bot : MinMaxID
Temps d'apprentissage : 00:00:00.000
Durée d'une prise de décision : 00:00:00.052
Usage mémoire : 352 B
Usage mémoire maximum : 158,0 MiB

2 bots ont été instanciés
Durée du chargement : 00:00:03.858
Mémoire utilisée : 1,5 MiB

Que le championnat commence !

Affrontement 1/1
MinMax vs. MinMaxID
Score : 1.3 - 1.6
MinMaxID a gagné
Nombre de coups joués : 65.65 par match
Durée : 00:00:02.305 par match
Mémoire utilisée : 1,4 MiB

Durée du championnat : 00:00:46.127

Scores finaux :
MinMax : 1.3
MinMaxID : 1.6

Rangs :
1. MinMaxID : 1.6
2. MinMax : 1.3
